<?xml version="1.0" encoding="UTF-8"?>
<!-- Generated by org.testng.reporters.JUnitReportReporter -->
<testsuite hostname="DESKTOP-RFGG51U" failures="0" tests="1" name="test.TC001_RegisterTest" time="18.719" errors="0" timestamp="2024-10-24T19:34:18 IST" skipped="0">
  <testcase classname="test.TC001_RegisterTest" name="registerTest" time="18.719"/>
</testsuite> <!-- test.TC001_RegisterTest -->
